{"C:/Users/valer/Documents/github-repo-explorer/src/App.tsx": {"path":"C:/Users/valer/Documents/github-repo-explorer/src/App.tsx","statementMap":{"0":{"start":{"line":8,"column":15},"end":{"line":8,"column":null}},"1":{"start":{"line":9,"column":20},"end":{"line":9,"column":null}},"2":{"start":{"line":12,"column":2},"end":{"line":17,"column":null}}},"fnMap":{"0":{"name":"App","decl":{"start":{"line":11,"column":9},"end":{"line":11,"column":15}},"loc":{"start":{"line":11,"column":15},"end":{"line":19,"column":null}}}},"branchMap":{},"s":{"0":2,"1":2,"2":1},"f":{"0":1},"b":{}}
,"C:/Users/valer/Documents/github-repo-explorer/src/main.tsx": {"path":"C:/Users/valer/Documents/github-repo-explorer/src/main.tsx","statementMap":{"0":{"start":{"line":5,"column":0},"end":{"line":9,"column":null}}},"fnMap":{},"branchMap":{},"s":{"0":1},"f":{},"b":{}}
,"C:/Users/valer/Documents/github-repo-explorer/src/components/not-found/index.tsx": {"path":"C:/Users/valer/Documents/github-repo-explorer/src/components/not-found/index.tsx","statementMap":{"0":{"start":{"line":9,"column":42},"end":{"line":19,"column":null}},"1":{"start":{"line":10,"column":2},"end":{"line":17,"column":null}}},"fnMap":{"0":{"name":"(anonymous_0)","decl":{"start":{"line":9,"column":42},"end":{"line":9,"column":43}},"loc":{"start":{"line":9,"column":59},"end":{"line":19,"column":null}}}},"branchMap":{},"s":{"0":5,"1":3},"f":{"0":3},"b":{}}
,"C:/Users/valer/Documents/github-repo-explorer/src/features/search-form/index.tsx": {"path":"C:/Users/valer/Documents/github-repo-explorer/src/features/search-form/index.tsx","statementMap":{"0":{"start":{"line":8,"column":29},"end":{"line":40,"column":null}},"1":{"start":{"line":9,"column":32},"end":{"line":9,"column":null}},"2":{"start":{"line":10,"column":42},"end":{"line":10,"column":null}},"3":{"start":{"line":16,"column":6},"end":{"line":16,"column":null}},"4":{"start":{"line":18,"column":30},"end":{"line":21,"column":null}},"5":{"start":{"line":19,"column":4},"end":{"line":19,"column":null}},"6":{"start":{"line":20,"column":4},"end":{"line":20,"column":null}},"7":{"start":{"line":23,"column":2},"end":{"line":38,"column":null}}},"fnMap":{"0":{"name":"(anonymous_0)","decl":{"start":{"line":8,"column":29},"end":{"line":8,"column":35}},"loc":{"start":{"line":8,"column":35},"end":{"line":40,"column":null}}},"1":{"name":"(anonymous_1)","decl":{"start":{"line":18,"column":30},"end":{"line":18,"column":36}},"loc":{"start":{"line":18,"column":36},"end":{"line":21,"column":null}}}},"branchMap":{"0":{"loc":{"start":{"line":30,"column":9},"end":{"line":30,"column":null}},"type":"binary-expr","locations":[{"start":{"line":30,"column":9},"end":{"line":30,"column":18}},{"start":{"line":30,"column":18},"end":{"line":30,"column":null}}]},"1":{"loc":{"start":{"line":31,"column":9},"end":{"line":32,"column":null}},"type":"binary-expr","locations":[{"start":{"line":31,"column":9},"end":{"line":31,"column":24}},{"start":{"line":31,"column":24},"end":{"line":31,"column":null}},{"start":{"line":32,"column":10},"end":{"line":32,"column":null}}]},"2":{"loc":{"start":{"line":34,"column":9},"end":{"line":35,"column":null}},"type":"binary-expr","locations":[{"start":{"line":34,"column":9},"end":{"line":34,"column":24}},{"start":{"line":34,"column":24},"end":{"line":34,"column":null}},{"start":{"line":35,"column":10},"end":{"line":35,"column":null}}]}},"s":{"0":4,"1":6,"2":6,"3":6,"4":6,"5":1,"6":1,"7":6},"f":{"0":6,"1":1},"b":{"0":[6,1],"1":[6,5,1],"2":[6,5,4]}}
,"C:/Users/valer/Documents/github-repo-explorer/src/features/search-form/components/repository-list/index.tsx": {"path":"C:/Users/valer/Documents/github-repo-explorer/src/features/search-form/components/repository-list/index.tsx","statementMap":{"0":{"start":{"line":11,"column":54},"end":{"line":54,"column":null}},"1":{"start":{"line":12,"column":37},"end":{"line":12,"column":null}},"2":{"start":{"line":14,"column":2},"end":{"line":52,"column":null}},"3":{"start":{"line":19,"column":12},"end":{"line":21,"column":null}},"4":{"start":{"line":33,"column":14},"end":{"line":48,"column":null}}},"fnMap":{"0":{"name":"(anonymous_0)","decl":{"start":{"line":11,"column":54},"end":{"line":11,"column":55}},"loc":{"start":{"line":11,"column":72},"end":{"line":54,"column":null}}},"1":{"name":"(anonymous_1)","decl":{"start":{"line":18,"column":41},"end":{"line":18,"column":42}},"loc":{"start":{"line":19,"column":12},"end":{"line":21,"column":null}}},"2":{"name":"(anonymous_2)","decl":{"start":{"line":32,"column":22},"end":{"line":32,"column":23}},"loc":{"start":{"line":33,"column":14},"end":{"line":48,"column":null}}}},"branchMap":{"0":{"loc":{"start":{"line":16,"column":7},"end":{"line":50,"column":null}},"type":"cond-expr","locations":[{"start":{"line":17,"column":8},"end":{"line":23,"column":null}},{"start":{"line":25,"column":8},"end":{"line":50,"column":null}}]},"1":{"loc":{"start":{"line":26,"column":11},"end":{"line":26,"column":null}},"type":"binary-expr","locations":[{"start":{"line":26,"column":11},"end":{"line":26,"column":20}},{"start":{"line":26,"column":20},"end":{"line":26,"column":null}}]},"2":{"loc":{"start":{"line":27,"column":11},"end":{"line":28,"column":null}},"type":"binary-expr","locations":[{"start":{"line":27,"column":11},"end":{"line":27,"column":19}},{"start":{"line":27,"column":19},"end":{"line":27,"column":null}},{"start":{"line":28,"column":12},"end":{"line":28,"column":null}}]},"3":{"loc":{"start":{"line":30,"column":11},"end":{"line":49,"column":null}},"type":"binary-expr","locations":[{"start":{"line":30,"column":11},"end":{"line":30,"column":null}},{"start":{"line":31,"column":12},"end":{"line":31,"column":null}},{"start":{"line":32,"column":12},"end":{"line":49,"column":null}}]},"4":{"loc":{"start":{"line":40,"column":35},"end":{"line":40,"column":59}},"type":"binary-expr","locations":[{"start":{"line":40,"column":35},"end":{"line":40,"column":55}},{"start":{"line":40,"column":55},"end":{"line":40,"column":59}}]},"5":{"loc":{"start":{"line":45,"column":21},"end":{"line":45,"column":null}},"type":"binary-expr","locations":[{"start":{"line":45,"column":21},"end":{"line":45,"column":36}},{"start":{"line":45,"column":36},"end":{"line":45,"column":null}}]}},"s":{"0":5,"1":5,"2":5,"3":3,"4":3},"f":{"0":5,"1":3,"2":3},"b":{"0":[1,4],"1":[4,1],"2":[4,3,1],"3":[4,3,2],"4":[3,1],"5":[3,1]}}
,"C:/Users/valer/Documents/github-repo-explorer/src/features/search-form/components/search-form/index.tsx": {"path":"C:/Users/valer/Documents/github-repo-explorer/src/features/search-form/components/search-form/index.tsx","statementMap":{"0":{"start":{"line":10,"column":54},"end":{"line":38,"column":null}},"1":{"start":{"line":14,"column":29},"end":{"line":14,"column":null}},"2":{"start":{"line":16,"column":2},"end":{"line":36,"column":null}},"3":{"start":{"line":22,"column":25},"end":{"line":22,"column":null}}},"fnMap":{"0":{"name":"(anonymous_0)","decl":{"start":{"line":10,"column":54},"end":{"line":10,"column":55}},"loc":{"start":{"line":13,"column":6},"end":{"line":38,"column":null}}},"1":{"name":"(anonymous_1)","decl":{"start":{"line":22,"column":18},"end":{"line":22,"column":19}},"loc":{"start":{"line":22,"column":25},"end":{"line":22,"column":null}}}},"branchMap":{},"s":{"0":4,"1":5,"2":5,"3":1},"f":{"0":5,"1":1},"b":{}}
,"C:/Users/valer/Documents/github-repo-explorer/src/features/search-form/components/user-list/index.tsx": {"path":"C:/Users/valer/Documents/github-repo-explorer/src/features/search-form/components/user-list/index.tsx","statementMap":{"0":{"start":{"line":11,"column":42},"end":{"line":46,"column":null}},"1":{"start":{"line":12,"column":19},"end":{"line":12,"column":null}},"2":{"start":{"line":14,"column":2},"end":{"line":44,"column":null}},"3":{"start":{"line":28,"column":12},"end":{"line":40,"column":null}}},"fnMap":{"0":{"name":"(anonymous_0)","decl":{"start":{"line":11,"column":42},"end":{"line":11,"column":43}},"loc":{"start":{"line":11,"column":75},"end":{"line":46,"column":null}}},"1":{"name":"(anonymous_1)","decl":{"start":{"line":27,"column":27},"end":{"line":27,"column":28}},"loc":{"start":{"line":28,"column":12},"end":{"line":40,"column":null}}}},"branchMap":{"0":{"loc":{"start":{"line":20,"column":9},"end":{"line":41,"column":null}},"type":"cond-expr","locations":[{"start":{"line":21,"column":10},"end":{"line":23,"column":null}},{"start":{"line":25,"column":10},"end":{"line":41,"column":null}}]},"1":{"loc":{"start":{"line":25,"column":10},"end":{"line":41,"column":null}},"type":"binary-expr","locations":[{"start":{"line":25,"column":10},"end":{"line":25,"column":null}},{"start":{"line":26,"column":10},"end":{"line":26,"column":null}},{"start":{"line":27,"column":10},"end":{"line":41,"column":null}}]}},"s":{"0":4,"1":2,"2":2,"3":2},"f":{"0":2,"1":2},"b":{"0":[1,1],"1":[1,1,1]}}
,"C:/Users/valer/Documents/github-repo-explorer/src/layouts/MainLayout/index.tsx": {"path":"C:/Users/valer/Documents/github-repo-explorer/src/layouts/MainLayout/index.tsx","statementMap":{"0":{"start":{"line":8,"column":46},"end":{"line":14,"column":null}},"1":{"start":{"line":9,"column":2},"end":{"line":12,"column":null}}},"fnMap":{"0":{"name":"(anonymous_0)","decl":{"start":{"line":8,"column":46},"end":{"line":8,"column":47}},"loc":{"start":{"line":8,"column":64},"end":{"line":14,"column":null}}}},"branchMap":{},"s":{"0":4,"1":2},"f":{"0":2},"b":{}}
,"C:/Users/valer/Documents/github-repo-explorer/src/pages/search-page/index.tsx": {"path":"C:/Users/valer/Documents/github-repo-explorer/src/pages/search-page/index.tsx","statementMap":{"0":{"start":{"line":5,"column":29},"end":{"line":11,"column":null}},"1":{"start":{"line":6,"column":2},"end":{"line":9,"column":null}}},"fnMap":{"0":{"name":"(anonymous_0)","decl":{"start":{"line":5,"column":29},"end":{"line":5,"column":35}},"loc":{"start":{"line":5,"column":35},"end":{"line":11,"column":null}}}},"branchMap":{},"s":{"0":4,"1":2},"f":{"0":2},"b":{}}
,"C:/Users/valer/Documents/github-repo-explorer/src/routes/routeList.tsx": {"path":"C:/Users/valer/Documents/github-repo-explorer/src/routes/routeList.tsx","statementMap":{"0":{"start":{"line":5,"column":29},"end":{"line":14,"column":null}}},"fnMap":{},"branchMap":{},"s":{"0":3},"f":{},"b":{}}
,"C:/Users/valer/Documents/github-repo-explorer/src/routes/utils.ts": {"path":"C:/Users/valer/Documents/github-repo-explorer/src/routes/utils.ts","statementMap":{"0":{"start":{"line":3,"column":29},"end":{"line":10,"column":null}},"1":{"start":{"line":4,"column":2},"end":{"line":9,"column":null}},"2":{"start":{"line":6,"column":6},"end":{"line":6,"column":null}},"3":{"start":{"line":8,"column":6},"end":{"line":8,"column":null}}},"fnMap":{"0":{"name":"(anonymous_0)","decl":{"start":{"line":3,"column":29},"end":{"line":3,"column":30}},"loc":{"start":{"line":3,"column":56},"end":{"line":10,"column":null}}}},"branchMap":{"0":{"loc":{"start":{"line":4,"column":2},"end":{"line":9,"column":null}},"type":"switch","locations":[{"start":{"line":5,"column":4},"end":{"line":6,"column":null}},{"start":{"line":7,"column":4},"end":{"line":8,"column":null}}]}},"s":{"0":4,"1":6,"2":5,"3":1},"f":{"0":6},"b":{"0":[5,1]}}
,"C:/Users/valer/Documents/github-repo-explorer/src/services/api/fetcher.ts": {"path":"C:/Users/valer/Documents/github-repo-explorer/src/services/api/fetcher.ts","statementMap":{"0":{"start":{"line":3,"column":23},"end":{"line":27,"column":null}},"1":{"start":{"line":10,"column":2},"end":{"line":26,"column":null}},"2":{"start":{"line":11,"column":21},"end":{"line":16,"column":null}},"3":{"start":{"line":18,"column":4},"end":{"line":21,"column":null}},"4":{"start":{"line":19,"column":27},"end":{"line":19,"column":null}},"5":{"start":{"line":20,"column":6},"end":{"line":20,"column":null}},"6":{"start":{"line":23,"column":4},"end":{"line":23,"column":null}},"7":{"start":{"line":25,"column":4},"end":{"line":25,"column":null}}},"fnMap":{"0":{"name":"(anonymous_0)","decl":{"start":{"line":3,"column":23},"end":{"line":3,"column":33}},"loc":{"start":{"line":9,"column":18},"end":{"line":27,"column":null}}}},"branchMap":{"0":{"loc":{"start":{"line":18,"column":4},"end":{"line":21,"column":null}},"type":"if","locations":[{"start":{"line":18,"column":4},"end":{"line":21,"column":null}},{"start":{},"end":{}}]}},"s":{"0":7,"1":3,"2":3,"3":2,"4":1,"5":1,"6":1,"7":2},"f":{"0":3},"b":{"0":[1,1]}}
,"C:/Users/valer/Documents/github-repo-explorer/src/services/api/api-hooks/repositories.ts": {"path":"C:/Users/valer/Documents/github-repo-explorer/src/services/api/api-hooks/repositories.ts","statementMap":{"0":{"start":{"line":6,"column":39},"end":{"line":18,"column":null}},"1":{"start":{"line":7,"column":37},"end":{"line":15,"column":null}},"2":{"start":{"line":10,"column":6},"end":{"line":12,"column":null}},"3":{"start":{"line":17,"column":2},"end":{"line":17,"column":null}}},"fnMap":{"0":{"name":"(anonymous_0)","decl":{"start":{"line":6,"column":39},"end":{"line":6,"column":40}},"loc":{"start":{"line":6,"column":79},"end":{"line":18,"column":null}}},"1":{"name":"(anonymous_1)","decl":{"start":{"line":9,"column":13},"end":{"line":9,"column":null}},"loc":{"start":{"line":10,"column":6},"end":{"line":12,"column":null}}}},"branchMap":{},"s":{"0":5,"1":5,"2":2,"3":5},"f":{"0":5,"1":2},"b":{}}
,"C:/Users/valer/Documents/github-repo-explorer/src/services/api/api-hooks/user.ts": {"path":"C:/Users/valer/Documents/github-repo-explorer/src/services/api/api-hooks/user.ts","statementMap":{"0":{"start":{"line":7,"column":27},"end":{"line":27,"column":null}},"1":{"start":{"line":14,"column":26},"end":{"line":14,"column":null}},"2":{"start":{"line":16,"column":45},"end":{"line":24,"column":null}},"3":{"start":{"line":18,"column":6},"end":{"line":20,"column":null}},"4":{"start":{"line":22,"column":6},"end":{"line":22,"column":null}},"5":{"start":{"line":26,"column":2},"end":{"line":26,"column":null}}},"fnMap":{"0":{"name":"(anonymous_0)","decl":{"start":{"line":7,"column":27},"end":{"line":7,"column":28}},"loc":{"start":{"line":13,"column":6},"end":{"line":27,"column":null}}},"1":{"name":"(anonymous_1)","decl":{"start":{"line":17,"column":16},"end":{"line":17,"column":null}},"loc":{"start":{"line":18,"column":6},"end":{"line":20,"column":null}}},"2":{"name":"(anonymous_2)","decl":{"start":{"line":21,"column":15},"end":{"line":21,"column":16}},"loc":{"start":{"line":21,"column":25},"end":{"line":23,"column":null}}}},"branchMap":{"0":{"loc":{"start":{"line":9,"column":2},"end":{"line":9,"column":null}},"type":"default-arg","locations":[{"start":{"line":9,"column":13},"end":{"line":9,"column":null}}]}},"s":{"0":4,"1":7,"2":7,"3":3,"4":2,"5":7},"f":{"0":7,"1":3,"2":2},"b":{"0":[3]}}
,"C:/Users/valer/Documents/github-repo-explorer/src/services/stores/user.store.ts": {"path":"C:/Users/valer/Documents/github-repo-explorer/src/services/stores/user.store.ts","statementMap":{"0":{"start":{"line":15,"column":28},"end":{"line":22,"column":null}},"1":{"start":{"line":16,"column":18},"end":{"line":21,"column":4}},"2":{"start":{"line":19,"column":27},"end":{"line":19,"column":null}},"3":{"start":{"line":20,"column":37},"end":{"line":20,"column":null}}},"fnMap":{"0":{"name":"(anonymous_0)","decl":{"start":{"line":16,"column":8},"end":{"line":16,"column":9}},"loc":{"start":{"line":16,"column":18},"end":{"line":21,"column":4}}},"1":{"name":"(anonymous_1)","decl":{"start":{"line":19,"column":17},"end":{"line":19,"column":18}},"loc":{"start":{"line":19,"column":27},"end":{"line":19,"column":null}}},"2":{"name":"(anonymous_2)","decl":{"start":{"line":20,"column":20},"end":{"line":20,"column":21}},"loc":{"start":{"line":20,"column":37},"end":{"line":20,"column":null}}}},"branchMap":{},"s":{"0":5,"1":5,"2":1,"3":1},"f":{"0":5,"1":1,"2":1},"b":{}}
}
