TN:
SF:src\App.tsx
FN:11,App
FNF:1
FNH:1
FNDA:1,App
DA:8,2
DA:9,2
DA:12,1
LF:3
LH:3
BRF:0
BRH:0
end_of_record
TN:
SF:src\main.tsx
FNF:0
FNH:0
DA:5,1
LF:1
LH:1
BRF:0
BRH:0
end_of_record
TN:
SF:src\components\not-found\index.tsx
FN:9,(anonymous_0)
FNF:1
FNH:1
FNDA:3,(anonymous_0)
DA:9,5
DA:10,3
LF:2
LH:2
BRF:0
BRH:0
end_of_record
TN:
SF:src\features\search-form\index.tsx
FN:8,(anonymous_0)
FN:18,(anonymous_1)
FNF:2
FNH:2
FNDA:6,(anonymous_0)
FNDA:1,(anonymous_1)
DA:8,4
DA:9,6
DA:10,6
DA:16,6
DA:18,6
DA:19,1
DA:20,1
DA:23,6
LF:8
LH:8
BRDA:30,0,0,6
BRDA:30,0,1,1
BRDA:31,1,0,6
BRDA:31,1,1,5
BRDA:31,1,2,1
BRDA:34,2,0,6
BRDA:34,2,1,5
BRDA:34,2,2,4
BRF:8
BRH:8
end_of_record
TN:
SF:src\features\search-form\components\repository-list\index.tsx
FN:11,(anonymous_0)
FN:18,(anonymous_1)
FN:32,(anonymous_2)
FNF:3
FNH:3
FNDA:5,(anonymous_0)
FNDA:3,(anonymous_1)
FNDA:3,(anonymous_2)
DA:11,5
DA:12,5
DA:14,5
DA:19,3
DA:33,3
LF:5
LH:5
BRDA:16,0,0,1
BRDA:16,0,1,4
BRDA:26,1,0,4
BRDA:26,1,1,1
BRDA:27,2,0,4
BRDA:27,2,1,3
BRDA:27,2,2,1
BRDA:30,3,0,4
BRDA:30,3,1,3
BRDA:30,3,2,2
BRDA:40,4,0,3
BRDA:40,4,1,1
BRDA:45,5,0,3
BRDA:45,5,1,1
BRF:14
BRH:14
end_of_record
TN:
SF:src\features\search-form\components\search-form\index.tsx
FN:10,(anonymous_0)
FN:22,(anonymous_1)
FNF:2
FNH:2
FNDA:5,(anonymous_0)
FNDA:1,(anonymous_1)
DA:10,4
DA:14,5
DA:16,5
DA:22,1
LF:4
LH:4
BRF:0
BRH:0
end_of_record
TN:
SF:src\features\search-form\components\user-list\index.tsx
FN:11,(anonymous_0)
FN:27,(anonymous_1)
FNF:2
FNH:2
FNDA:2,(anonymous_0)
FNDA:2,(anonymous_1)
DA:11,4
DA:12,2
DA:14,2
DA:28,2
LF:4
LH:4
BRDA:20,0,0,1
BRDA:20,0,1,1
BRDA:25,1,0,1
BRDA:25,1,1,1
BRDA:25,1,2,1
BRF:5
BRH:5
end_of_record
TN:
SF:src\layouts\MainLayout\index.tsx
FN:8,(anonymous_0)
FNF:1
FNH:1
FNDA:2,(anonymous_0)
DA:8,4
DA:9,2
LF:2
LH:2
BRF:0
BRH:0
end_of_record
TN:
SF:src\pages\search-page\index.tsx
FN:5,(anonymous_0)
FNF:1
FNH:1
FNDA:2,(anonymous_0)
DA:5,4
DA:6,2
LF:2
LH:2
BRF:0
BRH:0
end_of_record
TN:
SF:src\routes\routeList.tsx
FNF:0
FNH:0
DA:5,3
LF:1
LH:1
BRF:0
BRH:0
end_of_record
TN:
SF:src\routes\utils.ts
FN:3,(anonymous_0)
FNF:1
FNH:1
FNDA:6,(anonymous_0)
DA:3,4
DA:4,6
DA:6,5
DA:8,1
LF:4
LH:4
BRDA:4,0,0,5
BRDA:4,0,1,1
BRF:2
BRH:2
end_of_record
TN:
SF:src\services\api\fetcher.ts
FN:3,(anonymous_0)
FNF:1
FNH:1
FNDA:3,(anonymous_0)
DA:3,7
DA:10,3
DA:11,3
DA:18,2
DA:19,1
DA:20,1
DA:23,1
DA:25,2
LF:8
LH:8
BRDA:18,0,0,1
BRDA:18,0,1,1
BRF:2
BRH:2
end_of_record
TN:
SF:src\services\api\api-hooks\repositories.ts
FN:6,(anonymous_0)
FN:9,(anonymous_1)
FNF:2
FNH:2
FNDA:5,(anonymous_0)
FNDA:2,(anonymous_1)
DA:6,5
DA:7,5
DA:10,2
DA:17,5
LF:4
LH:4
BRF:0
BRH:0
end_of_record
TN:
SF:src\services\api\api-hooks\user.ts
FN:7,(anonymous_0)
FN:17,(anonymous_1)
FN:21,(anonymous_2)
FNF:3
FNH:3
FNDA:7,(anonymous_0)
FNDA:3,(anonymous_1)
FNDA:2,(anonymous_2)
DA:7,4
DA:14,7
DA:16,7
DA:18,3
DA:22,2
DA:26,7
LF:6
LH:6
BRDA:9,0,0,3
BRF:1
BRH:1
end_of_record
TN:
SF:src\services\stores\user.store.ts
FN:16,(anonymous_0)
FN:19,(anonymous_1)
FN:20,(anonymous_2)
FNF:3
FNH:3
FNDA:5,(anonymous_0)
FNDA:1,(anonymous_1)
FNDA:1,(anonymous_2)
DA:15,5
DA:16,5
DA:19,1
DA:20,1
LF:4
LH:4
BRF:0
BRH:0
end_of_record
